<?xml version="1.0" encoding="UTF-8"?>
<!-- Generated by org.testng.reporters.JUnitXMLReporter -->
<testsuite hostname="TYSS-ELF-Manjunath" ignored="0" name="Default test" tests="3" failures="0" timestamp="08 May 2020 01:21:04 GMT" time="53.04" errors="0">
  <testcase name="createProductTest" time="15.019" classname="com.vTiger.CreateProductTest"/>
  <testcase name="createProductTest" time="8.208" classname="com.vTiger.CreateProductTest"/>
  <testcase name="createProductTest" time="8.505" classname="com.vTiger.CreateProductTest"/>
</testsuite> <!-- Default test -->
